<?xml version="1.0" encoding="UTF-8"?>
<!-- Generated by org.testng.reporters.JUnitReportReporter -->
<testsuite hostname="LAPTOP-119GT26P" failures="0" tests="2" name="testclasses.DashBoardTest" time="0.738" errors="0" timestamp="2022-01-04T16:39:34 IST" skipped="0">
  <testcase classname="testclasses.DashBoardTest" name="selectShare" time="0.436"/>
  <system-out/>
  <testcase classname="testclasses.DashBoardTest" name="buyShares" time="0.302"/>
  <system-out/>
</testsuite> <!-- testclasses.DashBoardTest -->
